#
# There is insufficient memory for the Java Runtime Environment to continue.
# Native memory allocation (mmap) failed to map 264241152 bytes. Error detail: G1 virtual space
# Possible reasons:
#   The system is out of physical RAM or swap space
#   This process is running with CompressedOops enabled, and the Java Heap may be blocking the growth of the native heap
# Possible solutions:
#   Reduce memory load on the system
#   Increase physical memory or swap space
#   Check if swap backing store is full
#   Decrease Java heap size (-Xmx/-Xms)
#   Decrease number of Java threads
#   Decrease Java thread stack sizes (-Xss)
#   Set larger code cache with -XX:ReservedCodeCacheSize=
#   JVM is running with Zero Based Compressed Oops mode in which the Java heap is
#     placed in the first 32GB address space. The Java Heap base address is the
#     maximum limit for the native heap growth. Please use -XX:HeapBaseMinAddress
#     to set the Java Heap base and to place the Java Heap above 32GB virtual address.
# This output file may be truncated or incomplete.
#
#  Out of Memory Error (os_windows.cpp:3828), pid=10616, tid=26088
#
# JRE version:  (21.0.4+13) (build )
# Java VM: OpenJDK 64-Bit Server VM (21.0.4+13-b509.17, mixed mode, sharing, tiered, compressed oops, compressed class ptrs, g1 gc, windows-amd64)
# No core dump will be written. Minidumps are not enabled by default on client versions of Windows
#

---------------  S U M M A R Y ------------

Command Line: git4idea.http.GitAskPassApp Username for 'https://github.com': 

Host: 13th Gen Intel(R) Core(TM) i7-13620H, 16 cores, 15G,  Windows 11 , 64 bit Build 26100 (10.0.26100.2161)
Time: Sat Nov  9 20:01:07 2024 RTZ 2 (s 11 , 64 bit Build 26100 (10.0.26100.2161) elapsed time: 1.040393 seconds (0d 0h 0m 1s)

---------------  T H R E A D  ---------------

Current thread (0x0000021bc653f820):  JavaThread "Unknown thread" [_thread_in_vm, id=26088, stack(0x000000bd86d00000,0x000000bd86e00000) (1024K)]

Stack: [0x000000bd86d00000,0x000000bd86e00000]
Native frames: (J=compiled Java code, j=interpreted, Vv=VM code, C=native code)
V  [jvm.dll+0x6e36d9]
V  [jvm.dll+0x8c0bd3]
V  [jvm.dll+0x8c312e]
V  [jvm.dll+0x8c3813]
V  [jvm.dll+0x288256]
V  [jvm.dll+0x6dfe65]
V  [jvm.dll+0x6d433a]
V  [jvm.dll+0x36209b]
V  [jvm.dll+0x369c46]
V  [jvm.dll+0x3bbd76]
V  [jvm.dll+0x3bc048]
V  [jvm.dll+0x33485c]
V  [jvm.dll+0x33554b]
V  [jvm.dll+0x888039]
V  [jvm.dll+0x3c8ea8]
V  [jvm.dll+0x8711d8]
V  [jvm.dll+0x45d85e]
V  [jvm.dll+0x45f541]
C  [jli.dll+0x52ab]
C  [ucrtbase.dll+0x14ea0]
C  [KERNEL32.DLL+0x2dbe7]
C  [ntdll.dll+0xdfbec]


---------------  P R O C E S S  ---------------

Threads class SMR info:
_java_thread_list=0x00007ffb9e102108, length=0, elements={
}

Java Threads: ( => current thread )
Total: 0

Other Threads:
  0x0000021bc65a6070 WorkerThread "GC Thread#0"                     [id=18380, stack(0x000000bd86e00000,0x000000bd86f00000) (1024K)]
  0x0000021bc65b6b20 ConcurrentGCThread "G1 Main Marker"            [id=19560, stack(0x000000bd86f00000,0x000000bd87000000) (1024K)]
  0x0000021bc65b7530 WorkerThread "G1 Conc#0"                       [id=25024, stack(0x000000bd87000000,0x000000bd87100000) (1024K)]

[error occurred during error reporting (printing all threads), id 0xc0000005, EXCEPTION_ACCESS_VIOLATION (0xc0000005) at pc=0x00007ffb9d7f7917]
VM state: not at safepoint (not fully initialized)

VM Mutex/Monitor currently owned by a thread:  ([mutex/lock_event])
[0x00007ffb9e176a48] Heap_lock - owner thread: 0x0000021bc653f820

Heap address: 0x0000000704400000, size: 4028 MB, Compressed Oops mode: Zero based, Oop shift amount: 3

CDS archive(s) mapped at: [0x0000000000000000-0x0000000000000000-0x0000000000000000), size 0, SharedBaseAddress: 0x0000000800000000, ArchiveRelocationMode: 1.
Narrow klass base: 0x0000000000000000, Narrow klass shift: 0, Narrow klass range: 0x0

GC Precious Log:
 CardTable entry size: 512
 Card Set container configuration: InlinePtr #cards 4 size 8 Array Of Cards #cards 16 size 48 Howl #buckets 8 coarsen threshold 3686 Howl Bitmap #cards 512 size 80 coarsen threshold 460 Card regions per heap region 1 cards per card region 4096

Heap:
 garbage-first heap   total 0K, used 0K [0x0000000704400000, 0x0000000800000000)
  region size 2048K, 0 young (0K), 0 survivors (0K)
 Metaspace       used 0K, committed 0K, reserved 0K
  class space    used 0K, committed 0K, reserved 0K

Heap Regions: E=young(eden), S=young(survivor), O=old, HS=humongous(starts), HC=humongous(continues), CS=collection set, F=free, TAMS=top-at-mark-start, PB=parsable bottom

Card table byte_map: [0x0000021bdac40000,0x0000021bdb420000] _byte_map_base: 0x0000021bd741e000

Marking Bits: (CMBitMap*) 0x0000021bc65a6680
 Bits: [0x0000021bdb420000, 0x0000021bdf310000)

GC Heap History (0 events):
No events

Dll operation events (1 events):
Event: 0.004 Loaded shared library D:\PyCharm 2024.2.3\jbr\bin\java.dll

Deoptimization events (0 events):
No events

Classes loaded (0 events):
No events

Classes unloaded (0 events):
No events

Classes redefined (0 events):
No events

Internal exceptions (0 events):
No events

ZGC Phase Switch (0 events):
No events

VM Operations (0 events):
No events

Memory protections (0 events):
No events

Nmethod flushes (0 events):
No events

Events (0 events):
No events


Dynamic libraries:
0x00007ff7adce0000 - 0x00007ff7adcea000 	D:\PyCharm 2024.2.3\jbr\bin\java.exe
0x00007ffc19440000 - 0x00007ffc196a3000 	C:\WINDOWS\SYSTEM32\ntdll.dll
0x00007ffc17360000 - 0x00007ffc17428000 	C:\WINDOWS\System32\KERNEL32.DLL
0x00007ffc16b80000 - 0x00007ffc16f31000 	C:\WINDOWS\System32\KERNELBASE.dll
0x00007ffc17080000 - 0x00007ffc171cb000 	C:\WINDOWS\System32\ucrtbase.dll
0x00007ffc11a80000 - 0x00007ffc11a98000 	D:\PyCharm 2024.2.3\jbr\bin\jli.dll
0x00007ffc11ab0000 - 0x00007ffc11acb000 	D:\PyCharm 2024.2.3\jbr\bin\VCRUNTIME140.dll
0x00007ffc18cb0000 - 0x00007ffc18e78000 	C:\WINDOWS\System32\USER32.dll
0x00007ffbf0430000 - 0x00007ffbf06c0000 	C:\WINDOWS\WinSxS\amd64_microsoft.windows.common-controls_6595b64144ccf1df_6.0.26100.2161_none_3e0cadb0e33078e1\COMCTL32.dll
0x00007ffc16800000 - 0x00007ffc16827000 	C:\WINDOWS\System32\win32u.dll
0x00007ffc19070000 - 0x00007ffc19119000 	C:\WINDOWS\System32\msvcrt.dll
0x00007ffc17330000 - 0x00007ffc1735a000 	C:\WINDOWS\System32\GDI32.dll
0x00007ffc168d0000 - 0x00007ffc169f5000 	C:\WINDOWS\System32\gdi32full.dll
0x00007ffc171d0000 - 0x00007ffc17273000 	C:\WINDOWS\System32\msvcp_win.dll
0x00007ffc179a0000 - 0x00007ffc179cf000 	C:\WINDOWS\System32\IMM32.DLL
0x00007ffc12700000 - 0x00007ffc1270c000 	D:\PyCharm 2024.2.3\jbr\bin\vcruntime140_1.dll
0x00007ffbd6060000 - 0x00007ffbd60ed000 	D:\PyCharm 2024.2.3\jbr\bin\msvcp140.dll
0x00007ffb9d4b0000 - 0x00007ffb9e267000 	D:\PyCharm 2024.2.3\jbr\bin\server\jvm.dll
0x00007ffc183e0000 - 0x00007ffc18494000 	C:\WINDOWS\System32\ADVAPI32.dll
0x00007ffc17280000 - 0x00007ffc17326000 	C:\WINDOWS\System32\sechost.dll
0x00007ffc182c0000 - 0x00007ffc183d6000 	C:\WINDOWS\System32\RPCRT4.dll
0x00007ffc178f0000 - 0x00007ffc17964000 	C:\WINDOWS\System32\WS2_32.dll
0x00007ffc154c0000 - 0x00007ffc1550e000 	C:\WINDOWS\SYSTEM32\POWRPROF.dll
0x00007ffc0c0c0000 - 0x00007ffc0c0cb000 	C:\WINDOWS\SYSTEM32\VERSION.dll
0x00007ffc0c170000 - 0x00007ffc0c1a6000 	C:\WINDOWS\SYSTEM32\WINMM.dll
0x00007ffc154a0000 - 0x00007ffc154b4000 	C:\WINDOWS\SYSTEM32\UMPDC.dll
0x00007ffc15760000 - 0x00007ffc1577a000 	C:\WINDOWS\SYSTEM32\kernel.appcore.dll
0x00007ffc12240000 - 0x00007ffc1224a000 	D:\PyCharm 2024.2.3\jbr\bin\jimage.dll
0x00007ffc13d50000 - 0x00007ffc13f91000 	C:\WINDOWS\SYSTEM32\DBGHELP.DLL
0x00007ffc18930000 - 0x00007ffc18cad000 	C:\WINDOWS\System32\combase.dll
0x00007ffc17670000 - 0x00007ffc17746000 	C:\WINDOWS\System32\OLEAUT32.dll
0x00007ffc11860000 - 0x00007ffc11899000 	C:\WINDOWS\SYSTEM32\dbgcore.DLL
0x00007ffc16830000 - 0x00007ffc168c9000 	C:\WINDOWS\System32\bcryptPrimitives.dll
0x00007ffc11300000 - 0x00007ffc1131f000 	D:\PyCharm 2024.2.3\jbr\bin\java.dll

dbghelp: loaded successfully - version: 4.0.5 - missing functions: none
symbol engine: initialized successfully - sym options: 0x614 - pdb path: .;D:\PyCharm 2024.2.3\jbr\bin;C:\WINDOWS\SYSTEM32;C:\WINDOWS\WinSxS\amd64_microsoft.windows.common-controls_6595b64144ccf1df_6.0.26100.2161_none_3e0cadb0e33078e1;D:\PyCharm 2024.2.3\jbr\bin\server

VM Arguments:
java_command: git4idea.http.GitAskPassApp Username for 'https://github.com': 
java_class_path (initial): D:/PyCharm 2024.2.3/plugins/vcs-git/lib/git4idea-rt.jar;D:/PyCharm 2024.2.3/lib/externalProcess-rt.jar
Launcher Type: SUN_STANDARD

[Global flags]
     intx CICompilerCount                          = 12                                        {product} {ergonomic}
     uint ConcGCThreads                            = 3                                         {product} {ergonomic}
     uint G1ConcRefinementThreads                  = 13                                        {product} {ergonomic}
   size_t G1HeapRegionSize                         = 2097152                                   {product} {ergonomic}
    uintx GCDrainStackTargetSize                   = 64                                        {product} {ergonomic}
   size_t InitialHeapSize                          = 264241152                                 {product} {ergonomic}
   size_t MarkStackSize                            = 4194304                                   {product} {ergonomic}
   size_t MaxHeapSize                              = 4223664128                                {product} {ergonomic}
   size_t MinHeapDeltaBytes                        = 2097152                                   {product} {ergonomic}
   size_t MinHeapSize                              = 8388608                                   {product} {ergonomic}
    uintx NonNMethodCodeHeapSize                   = 7602480                                {pd product} {ergonomic}
    uintx NonProfiledCodeHeapSize                  = 122027880                              {pd product} {ergonomic}
    uintx ProfiledCodeHeapSize                     = 122027880                              {pd product} {ergonomic}
    uintx ReservedCodeCacheSize                    = 251658240                              {pd product} {ergonomic}
     bool SegmentedCodeCache                       = true                                      {product} {ergonomic}
   size_t SoftMaxHeapSize                          = 4223664128                             {manageable} {ergonomic}
     bool UseCompressedOops                        = true                           {product lp64_product} {ergonomic}
     bool UseG1GC                                  = true                                      {product} {ergonomic}
     bool UseLargePagesIndividualAllocation        = false                                  {pd product} {ergonomic}

Logging:
Log output configuration:
 #0: stdout all=warning uptime,level,tags foldmultilines=false
 #1: stderr all=off uptime,level,tags foldmultilines=false

Environment Variables:
PATH=D:\GitBash\Git\mingw64\libexec\git-core;D:\GitBash\Git\mingw64\libexec\git-core;D:\GitBash\Git\mingw64\bin;D:\GitBash\Git\usr\bin;C:\Users\Kristina\bin;D:\python\PythonLessonsForUniversity\python_module_18\m18_hw1_django_project\.venv\Scripts;D:\python versions\python 3.12\Scripts;D:\python versions\python 3.12;C:\Program Files\Common Files\Oracle\Java\javapath;D:\python versions\python 3.9\Scripts;D:\python versions\python 3.9;D:\python versions\Scripts;D:\python versions;C:\Program Files (x86)\Common Files\Oracle\Java\java8path;C:\Program Files (x86)\Common Files\Oracle\Java\javapath;C:\ProgramData\Oracle\Java\javapath;C:\WINDOWS\system32;C:\WINDOWS;C:\WINDOWS\System32\Wbem;C:\WINDOWS\System32\WindowsPowerShell\v1.0;C:\WINDOWS\System32\OpenSSH;C:\Program Files\NVIDIA Corporation\NVIDIA NvDLISR;C:\Program Files (x86)\NVIDIA Corporation\PhysX\Common;D:\node js;D:\php;C:\ProgramData\ComposerSetup\bin;D:\GitBash\Git\cmd;C:\Users\Kristina\AppData\Local\Microsoft\WindowsApps;D:\PyCharm 2024.2.3\bin;C:\Users\Kristina\AppData\Roaming\npm;D:\php;C:\Users\Kristina\AppData\Roaming\Composer\vendor\bin;D:\VSCode\Microsoft VS Code\bin;D:\PhpStorm 2024.2.1\bin;D:\WebStorm 2024.2.1\bin
USERNAME=Kristina
DISPLAY=:0.0
LC_ALL=en_US.UTF-8
TERM=xterm-256color
TMPDIR=C:\Users\Kristina\AppData\Local\Temp
OS=Windows_NT
PROCESSOR_IDENTIFIER=Intel64 Family 6 Model 186 Stepping 2, GenuineIntel
TMP=C:\Users\Kristina\AppData\Local\Temp
TEMP=C:\Users\Kristina\AppData\Local\Temp




Periodic native trim disabled

JNI global refs:
JNI global refs: 0, weak refs: 0

JNI global refs memory usage: 0, weak refs: 0

Process memory usage:
Resident Set Size: 12940K (0% of 16491000K total physical memory with 2322600K free physical memory)

OOME stack traces (most recent first):
Classloader memory used:

---------------  S Y S T E M  ---------------

OS:
 Windows 11 , 64 bit Build 26100 (10.0.26100.2161)
OS uptime: 1 days 20:16 hours
Hyper-V role detected

CPU: total 16 (initial active 16) (8 cores per cpu, 2 threads per core) family 6 model 186 stepping 2 microcode 0x410e, cx8, cmov, fxsr, ht, mmx, 3dnowpref, sse, sse2, sse3, ssse3, sse4.1, sse4.2, popcnt, lzcnt, tsc, tscinvbit, avx, avx2, aes, erms, clmul, bmi1, bmi2, adx, sha, fma, vzeroupper, clflush, clflushopt, clwb, hv, serialize, rdtscp, rdpid, fsrm, f16c, cet_ibt, cet_ss
Processor Information for processor 0
  Max Mhz: 2400, Current Mhz: 2400, Mhz Limit: 2400
Processor Information for processor 1
  Max Mhz: 2400, Current Mhz: 2400, Mhz Limit: 2400
Processor Information for processor 2
  Max Mhz: 2400, Current Mhz: 2400, Mhz Limit: 2400
Processor Information for processor 3
  Max Mhz: 2400, Current Mhz: 2400, Mhz Limit: 2400
Processor Information for processor 4
  Max Mhz: 2400, Current Mhz: 2400, Mhz Limit: 2400
Processor Information for processor 5
  Max Mhz: 2400, Current Mhz: 1520, Mhz Limit: 2400
Processor Information for processor 6
  Max Mhz: 2400, Current Mhz: 2400, Mhz Limit: 2400
Processor Information for processor 7
  Max Mhz: 2400, Current Mhz: 2400, Mhz Limit: 2400
Processor Information for processor 8
  Max Mhz: 2400, Current Mhz: 2400, Mhz Limit: 2400
Processor Information for processor 9
  Max Mhz: 2400, Current Mhz: 2400, Mhz Limit: 2400
Processor Information for processor 10
  Max Mhz: 2400, Current Mhz: 2400, Mhz Limit: 2400
Processor Information for processor 11
  Max Mhz: 2400, Current Mhz: 2400, Mhz Limit: 2400
Processor Information for processor 12
  Max Mhz: 2400, Current Mhz: 2400, Mhz Limit: 2400
Processor Information for processor 13
  Max Mhz: 2400, Current Mhz: 2400, Mhz Limit: 2400
Processor Information for processor 14
  Max Mhz: 2400, Current Mhz: 2400, Mhz Limit: 2400
Processor Information for processor 15
  Max Mhz: 2400, Current Mhz: 2400, Mhz Limit: 2400

Memory: 4k page, system-wide physical 16104M (2268M free)
TotalPageFile size 18152M (AvailPageFile size 171M)
current process WorkingSet (physical memory assigned to process): 12M, peak: 12M
current process commit charge ("private bytes"): 71M, peak: 322M

vm_info: OpenJDK 64-Bit Server VM (21.0.4+13-b509.17) for windows-amd64 JRE (21.0.4+13-b509.17), built on 2024-09-04 by "builduser" with MS VC++ 16.10 / 16.11 (VS2019)

END.
